<?xml version="1.0" encoding="UTF-8"?>
<testsuite name="tests.cart.CartTest" tests="1" skipped="0" failures="0" errors="0" timestamp="2023-02-04T15:49:19" hostname="WIN-USB" time="5.201">
  <properties/>
  <testcase name="checkAddProductToCart" classname="tests.cart.CartTest" time="5.201"/>
  <system-out><![CDATA[]]></system-out>
  <system-err><![CDATA[]]></system-err>
</testsuite>
